<?xml version="1.0" encoding="UTF-8"?>
<!-- Generated by org.testng.reporters.JUnitReportReporter -->
<testsuite hostname="DESKTOP-8QG1T86" failures="0" tests="3" name="cpm.crm.qa.test.LoginPageTest" time="6.459" errors="0" timestamp="2023-06-25T15:25:51 IST" skipped="0">
  <testcase classname="cpm.crm.qa.test.LoginPageTest" name="setup" time="4.356"/>
  <system-out/>
  <testcase classname="cpm.crm.qa.test.LoginPageTest" name="loginPageTitleTest" time="0.017"/>
  <system-out/>
  <testcase classname="cpm.crm.qa.test.LoginPageTest" name="loginTest" time="2.086"/>
  <system-out/>
</testsuite> <!-- cpm.crm.qa.test.LoginPageTest -->
